<?xml version="1.0" encoding="utf-8"?><testsuites name="pytest tests"><testsuite name="pytest" errors="10" failures="0" skipped="0" tests="10" time="0.343" timestamp="2026-01-27T11:25:19.872797+08:00" hostname="192.168.10.42"><testcase classname="" name="test_alert_service-68e9298df1" time="0.000"><error message="collection failure">ImportError while importing test module '/Users/michelleye/CodeBuddy/qilema-app/tests/test_alert_service-68e9298df1.py'.
Hint: make sure your test modules/packages have valid Python names.
Traceback:
venv/lib/python3.14/site-packages/_pytest/python.py:507: in importtestmodule
    mod = import_path(
venv/lib/python3.14/site-packages/_pytest/pathlib.py:587: in import_path
    importlib.import_module(module_name)
/opt/homebrew/Cellar/python@3.14/3.14.2/Frameworks/Python.framework/Versions/3.14/lib/python3.14/importlib/__init__.py:88: in import_module
    return _bootstrap._gcd_import(name[level:], package, level)
           ^^^^^^^^^^^^^^^^^^^^^^^^^^^^^^^^^^^^^^^^^^^^^^^^^^^^
&lt;frozen importlib._bootstrap&gt;:1398: in _gcd_import
    ???
&lt;frozen importlib._bootstrap&gt;:1371: in _find_and_load
    ???
&lt;frozen importlib._bootstrap&gt;:1342: in _find_and_load_unlocked
    ???
&lt;frozen importlib._bootstrap&gt;:938: in _load_unlocked
    ???
venv/lib/python3.14/site-packages/_pytest/assertion/rewrite.py:197: in exec_module
    exec(co, module.__dict__)
tests/test_alert_service-68e9298df1.py:8: in &lt;module&gt;
    from app.core.database import Base
E   ModuleNotFoundError: No module named 'app'</error></testcase><testcase classname="" name="test_checkin_service-b776429bd3" time="0.000"><error message="collection failure">ImportError while importing test module '/Users/michelleye/CodeBuddy/qilema-app/tests/test_checkin_service-b776429bd3.py'.
Hint: make sure your test modules/packages have valid Python names.
Traceback:
venv/lib/python3.14/site-packages/_pytest/python.py:507: in importtestmodule
    mod = import_path(
venv/lib/python3.14/site-packages/_pytest/pathlib.py:587: in import_path
    importlib.import_module(module_name)
/opt/homebrew/Cellar/python@3.14/3.14.2/Frameworks/Python.framework/Versions/3.14/lib/python3.14/importlib/__init__.py:88: in import_module
    return _bootstrap._gcd_import(name[level:], package, level)
           ^^^^^^^^^^^^^^^^^^^^^^^^^^^^^^^^^^^^^^^^^^^^^^^^^^^^
&lt;frozen importlib._bootstrap&gt;:1398: in _gcd_import
    ???
&lt;frozen importlib._bootstrap&gt;:1371: in _find_and_load
    ???
&lt;frozen importlib._bootstrap&gt;:1342: in _find_and_load_unlocked
    ???
&lt;frozen importlib._bootstrap&gt;:938: in _load_unlocked
    ???
venv/lib/python3.14/site-packages/_pytest/assertion/rewrite.py:197: in exec_module
    exec(co, module.__dict__)
tests/test_checkin_service-b776429bd3.py:10: in &lt;module&gt;
    from app.models.user import User
E   ModuleNotFoundError: No module named 'app'</error></testcase><testcase classname="" name="test_device_service-4f771d6767" time="0.000"><error message="collection failure">ImportError while importing test module '/Users/michelleye/CodeBuddy/qilema-app/tests/test_device_service-4f771d6767.py'.
Hint: make sure your test modules/packages have valid Python names.
Traceback:
venv/lib/python3.14/site-packages/_pytest/python.py:507: in importtestmodule
    mod = import_path(
venv/lib/python3.14/site-packages/_pytest/pathlib.py:587: in import_path
    importlib.import_module(module_name)
/opt/homebrew/Cellar/python@3.14/3.14.2/Frameworks/Python.framework/Versions/3.14/lib/python3.14/importlib/__init__.py:88: in import_module
    return _bootstrap._gcd_import(name[level:], package, level)
           ^^^^^^^^^^^^^^^^^^^^^^^^^^^^^^^^^^^^^^^^^^^^^^^^^^^^
&lt;frozen importlib._bootstrap&gt;:1398: in _gcd_import
    ???
&lt;frozen importlib._bootstrap&gt;:1371: in _find_and_load
    ???
&lt;frozen importlib._bootstrap&gt;:1342: in _find_and_load_unlocked
    ???
&lt;frozen importlib._bootstrap&gt;:938: in _load_unlocked
    ???
venv/lib/python3.14/site-packages/_pytest/assertion/rewrite.py:197: in exec_module
    exec(co, module.__dict__)
tests/test_device_service-4f771d6767.py:11: in &lt;module&gt;
    from app.models.user import User
E   ModuleNotFoundError: No module named 'app'</error></testcase><testcase classname="" name="test_emergency_center_service-8faa7574b8" time="0.000"><error message="collection failure">ImportError while importing test module '/Users/michelleye/CodeBuddy/qilema-app/tests/test_emergency_center_service-8faa7574b8.py'.
Hint: make sure your test modules/packages have valid Python names.
Traceback:
venv/lib/python3.14/site-packages/_pytest/python.py:507: in importtestmodule
    mod = import_path(
venv/lib/python3.14/site-packages/_pytest/pathlib.py:587: in import_path
    importlib.import_module(module_name)
/opt/homebrew/Cellar/python@3.14/3.14.2/Frameworks/Python.framework/Versions/3.14/lib/python3.14/importlib/__init__.py:88: in import_module
    return _bootstrap._gcd_import(name[level:], package, level)
           ^^^^^^^^^^^^^^^^^^^^^^^^^^^^^^^^^^^^^^^^^^^^^^^^^^^^
&lt;frozen importlib._bootstrap&gt;:1398: in _gcd_import
    ???
&lt;frozen importlib._bootstrap&gt;:1371: in _find_and_load
    ???
&lt;frozen importlib._bootstrap&gt;:1342: in _find_and_load_unlocked
    ???
&lt;frozen importlib._bootstrap&gt;:938: in _load_unlocked
    ???
venv/lib/python3.14/site-packages/_pytest/assertion/rewrite.py:197: in exec_module
    exec(co, module.__dict__)
tests/test_emergency_center_service-8faa7574b8.py:13: in &lt;module&gt;
    from app.core.database import Base
E   ModuleNotFoundError: No module named 'app'</error></testcase><testcase classname="" name="test_full_suite-dc148a5c8c" time="0.000"><error message="collection failure">ImportError while importing test module '/Users/michelleye/CodeBuddy/qilema-app/tests/test_full_suite-dc148a5c8c.py'.
Hint: make sure your test modules/packages have valid Python names.
Traceback:
venv/lib/python3.14/site-packages/_pytest/python.py:507: in importtestmodule
    mod = import_path(
venv/lib/python3.14/site-packages/_pytest/pathlib.py:587: in import_path
    importlib.import_module(module_name)
/opt/homebrew/Cellar/python@3.14/3.14.2/Frameworks/Python.framework/Versions/3.14/lib/python3.14/importlib/__init__.py:88: in import_module
    return _bootstrap._gcd_import(name[level:], package, level)
           ^^^^^^^^^^^^^^^^^^^^^^^^^^^^^^^^^^^^^^^^^^^^^^^^^^^^
&lt;frozen importlib._bootstrap&gt;:1398: in _gcd_import
    ???
&lt;frozen importlib._bootstrap&gt;:1371: in _find_and_load
    ???
&lt;frozen importlib._bootstrap&gt;:1342: in _find_and_load_unlocked
    ???
&lt;frozen importlib._bootstrap&gt;:938: in _load_unlocked
    ???
venv/lib/python3.14/site-packages/_pytest/assertion/rewrite.py:197: in exec_module
    exec(co, module.__dict__)
tests/test_full_suite-dc148a5c8c.py:15: in &lt;module&gt;
    from app.models.user import User
E   ModuleNotFoundError: No module named 'app'</error></testcase><testcase classname="" name="test_health_record_service-a954066560" time="0.000"><error message="collection failure">ImportError while importing test module '/Users/michelleye/CodeBuddy/qilema-app/tests/test_health_record_service-a954066560.py'.
Hint: make sure your test modules/packages have valid Python names.
Traceback:
venv/lib/python3.14/site-packages/_pytest/python.py:507: in importtestmodule
    mod = import_path(
venv/lib/python3.14/site-packages/_pytest/pathlib.py:587: in import_path
    importlib.import_module(module_name)
/opt/homebrew/Cellar/python@3.14/3.14.2/Frameworks/Python.framework/Versions/3.14/lib/python3.14/importlib/__init__.py:88: in import_module
    return _bootstrap._gcd_import(name[level:], package, level)
           ^^^^^^^^^^^^^^^^^^^^^^^^^^^^^^^^^^^^^^^^^^^^^^^^^^^^
&lt;frozen importlib._bootstrap&gt;:1398: in _gcd_import
    ???
&lt;frozen importlib._bootstrap&gt;:1371: in _find_and_load
    ???
&lt;frozen importlib._bootstrap&gt;:1342: in _find_and_load_unlocked
    ???
&lt;frozen importlib._bootstrap&gt;:938: in _load_unlocked
    ???
venv/lib/python3.14/site-packages/_pytest/assertion/rewrite.py:197: in exec_module
    exec(co, module.__dict__)
tests/test_health_record_service-a954066560.py:8: in &lt;module&gt;
    from app.core.database import Base
E   ModuleNotFoundError: No module named 'app'</error></testcase><testcase classname="" name="test_regression_suite-6c9a8f2535" time="0.000"><error message="collection failure">ImportError while importing test module '/Users/michelleye/CodeBuddy/qilema-app/tests/test_regression_suite-6c9a8f2535.py'.
Hint: make sure your test modules/packages have valid Python names.
Traceback:
venv/lib/python3.14/site-packages/_pytest/python.py:507: in importtestmodule
    mod = import_path(
venv/lib/python3.14/site-packages/_pytest/pathlib.py:587: in import_path
    importlib.import_module(module_name)
/opt/homebrew/Cellar/python@3.14/3.14.2/Frameworks/Python.framework/Versions/3.14/lib/python3.14/importlib/__init__.py:88: in import_module
    return _bootstrap._gcd_import(name[level:], package, level)
           ^^^^^^^^^^^^^^^^^^^^^^^^^^^^^^^^^^^^^^^^^^^^^^^^^^^^
&lt;frozen importlib._bootstrap&gt;:1398: in _gcd_import
    ???
&lt;frozen importlib._bootstrap&gt;:1371: in _find_and_load
    ???
&lt;frozen importlib._bootstrap&gt;:1342: in _find_and_load_unlocked
    ???
&lt;frozen importlib._bootstrap&gt;:938: in _load_unlocked
    ???
venv/lib/python3.14/site-packages/_pytest/assertion/rewrite.py:197: in exec_module
    exec(co, module.__dict__)
tests/test_regression_suite-6c9a8f2535.py:15: in &lt;module&gt;
    from app.models.user import User
E   ModuleNotFoundError: No module named 'app'</error></testcase><testcase classname="" name="test_sos_service-b9244af0b2" time="0.000"><error message="collection failure">ImportError while importing test module '/Users/michelleye/CodeBuddy/qilema-app/tests/test_sos_service-b9244af0b2.py'.
Hint: make sure your test modules/packages have valid Python names.
Traceback:
venv/lib/python3.14/site-packages/_pytest/python.py:507: in importtestmodule
    mod = import_path(
venv/lib/python3.14/site-packages/_pytest/pathlib.py:587: in import_path
    importlib.import_module(module_name)
/opt/homebrew/Cellar/python@3.14/3.14.2/Frameworks/Python.framework/Versions/3.14/lib/python3.14/importlib/__init__.py:88: in import_module
    return _bootstrap._gcd_import(name[level:], package, level)
           ^^^^^^^^^^^^^^^^^^^^^^^^^^^^^^^^^^^^^^^^^^^^^^^^^^^^
&lt;frozen importlib._bootstrap&gt;:1398: in _gcd_import
    ???
&lt;frozen importlib._bootstrap&gt;:1371: in _find_and_load
    ???
&lt;frozen importlib._bootstrap&gt;:1342: in _find_and_load_unlocked
    ???
&lt;frozen importlib._bootstrap&gt;:938: in _load_unlocked
    ???
venv/lib/python3.14/site-packages/_pytest/assertion/rewrite.py:197: in exec_module
    exec(co, module.__dict__)
tests/test_sos_service-b9244af0b2.py:7: in &lt;module&gt;
    from app.core.database import Base, get_db
E   ModuleNotFoundError: No module named 'app'</error></testcase><testcase classname="" name="test_stress_suite-549f79bfb7" time="0.000"><error message="collection failure">ImportError while importing test module '/Users/michelleye/CodeBuddy/qilema-app/tests/test_stress_suite-549f79bfb7.py'.
Hint: make sure your test modules/packages have valid Python names.
Traceback:
venv/lib/python3.14/site-packages/_pytest/python.py:507: in importtestmodule
    mod = import_path(
venv/lib/python3.14/site-packages/_pytest/pathlib.py:587: in import_path
    importlib.import_module(module_name)
/opt/homebrew/Cellar/python@3.14/3.14.2/Frameworks/Python.framework/Versions/3.14/lib/python3.14/importlib/__init__.py:88: in import_module
    return _bootstrap._gcd_import(name[level:], package, level)
           ^^^^^^^^^^^^^^^^^^^^^^^^^^^^^^^^^^^^^^^^^^^^^^^^^^^^
&lt;frozen importlib._bootstrap&gt;:1398: in _gcd_import
    ???
&lt;frozen importlib._bootstrap&gt;:1371: in _find_and_load
    ???
&lt;frozen importlib._bootstrap&gt;:1342: in _find_and_load_unlocked
    ???
&lt;frozen importlib._bootstrap&gt;:938: in _load_unlocked
    ???
venv/lib/python3.14/site-packages/_pytest/assertion/rewrite.py:197: in exec_module
    exec(co, module.__dict__)
tests/test_stress_suite-549f79bfb7.py:19: in &lt;module&gt;
    from app.models.user import User
E   ModuleNotFoundError: No module named 'app'</error></testcase><testcase classname="" name="test_user_service-4d794b424b" time="0.000"><error message="collection failure">ImportError while importing test module '/Users/michelleye/CodeBuddy/qilema-app/tests/test_user_service-4d794b424b.py'.
Hint: make sure your test modules/packages have valid Python names.
Traceback:
venv/lib/python3.14/site-packages/_pytest/python.py:507: in importtestmodule
    mod = import_path(
venv/lib/python3.14/site-packages/_pytest/pathlib.py:587: in import_path
    importlib.import_module(module_name)
/opt/homebrew/Cellar/python@3.14/3.14.2/Frameworks/Python.framework/Versions/3.14/lib/python3.14/importlib/__init__.py:88: in import_module
    return _bootstrap._gcd_import(name[level:], package, level)
           ^^^^^^^^^^^^^^^^^^^^^^^^^^^^^^^^^^^^^^^^^^^^^^^^^^^^
&lt;frozen importlib._bootstrap&gt;:1398: in _gcd_import
    ???
&lt;frozen importlib._bootstrap&gt;:1371: in _find_and_load
    ???
&lt;frozen importlib._bootstrap&gt;:1342: in _find_and_load_unlocked
    ???
&lt;frozen importlib._bootstrap&gt;:938: in _load_unlocked
    ???
venv/lib/python3.14/site-packages/_pytest/assertion/rewrite.py:197: in exec_module
    exec(co, module.__dict__)
tests/test_user_service-4d794b424b.py:4: in &lt;module&gt;
    from app.core.database import Base, get_db
E   ModuleNotFoundError: No module named 'app'</error></testcase></testsuite></testsuites>