============================= test session starts ==============================
platform darwin -- Python 3.14.2, pytest-9.0.2, pluggy-1.6.0 -- /Users/michelleye/CodeBuddy/qilema-app/venv/bin/python3.14
cachedir: .pytest_cache
rootdir: /Users/michelleye/CodeBuddy/qilema-app/tests
configfile: pytest.ini
plugins: anyio-4.12.1, asyncio-1.3.0, cov-7.0.0
asyncio: mode=Mode.STRICT, debug=False, asyncio_default_fixture_loop_scope=None, asyncio_default_test_loop_scope=function
collecting ... collected 0 items / 10 errors

==================================== ERRORS ====================================
______________ ERROR collecting test_alert_service-68e9298df1.py _______________
ImportError while importing test module '/Users/michelleye/CodeBuddy/qilema-app/tests/test_alert_service-68e9298df1.py'.
Hint: make sure your test modules/packages have valid Python names.
Traceback:
venv/lib/python3.14/site-packages/_pytest/python.py:507: in importtestmodule
    mod = import_path(
venv/lib/python3.14/site-packages/_pytest/pathlib.py:587: in import_path
    importlib.import_module(module_name)
/opt/homebrew/Cellar/python@3.14/3.14.2/Frameworks/Python.framework/Versions/3.14/lib/python3.14/importlib/__init__.py:88: in import_module
    return _bootstrap._gcd_import(name[level:], package, level)
           ^^^^^^^^^^^^^^^^^^^^^^^^^^^^^^^^^^^^^^^^^^^^^^^^^^^^
<frozen importlib._bootstrap>:1398: in _gcd_import
    ???
<frozen importlib._bootstrap>:1371: in _find_and_load
    ???
<frozen importlib._bootstrap>:1342: in _find_and_load_unlocked
    ???
<frozen importlib._bootstrap>:938: in _load_unlocked
    ???
venv/lib/python3.14/site-packages/_pytest/assertion/rewrite.py:197: in exec_module
    exec(co, module.__dict__)
tests/test_alert_service-68e9298df1.py:8: in <module>
    from app.core.database import Base
E   ModuleNotFoundError: No module named 'app'
_____________ ERROR collecting test_checkin_service-b776429bd3.py ______________
ImportError while importing test module '/Users/michelleye/CodeBuddy/qilema-app/tests/test_checkin_service-b776429bd3.py'.
Hint: make sure your test modules/packages have valid Python names.
Traceback:
venv/lib/python3.14/site-packages/_pytest/python.py:507: in importtestmodule
    mod = import_path(
venv/lib/python3.14/site-packages/_pytest/pathlib.py:587: in import_path
    importlib.import_module(module_name)
/opt/homebrew/Cellar/python@3.14/3.14.2/Frameworks/Python.framework/Versions/3.14/lib/python3.14/importlib/__init__.py:88: in import_module
    return _bootstrap._gcd_import(name[level:], package, level)
           ^^^^^^^^^^^^^^^^^^^^^^^^^^^^^^^^^^^^^^^^^^^^^^^^^^^^
<frozen importlib._bootstrap>:1398: in _gcd_import
    ???
<frozen importlib._bootstrap>:1371: in _find_and_load
    ???
<frozen importlib._bootstrap>:1342: in _find_and_load_unlocked
    ???
<frozen importlib._bootstrap>:938: in _load_unlocked
    ???
venv/lib/python3.14/site-packages/_pytest/assertion/rewrite.py:197: in exec_module
    exec(co, module.__dict__)
tests/test_checkin_service-b776429bd3.py:10: in <module>
    from app.models.user import User
E   ModuleNotFoundError: No module named 'app'
______________ ERROR collecting test_device_service-4f771d6767.py ______________
ImportError while importing test module '/Users/michelleye/CodeBuddy/qilema-app/tests/test_device_service-4f771d6767.py'.
Hint: make sure your test modules/packages have valid Python names.
Traceback:
venv/lib/python3.14/site-packages/_pytest/python.py:507: in importtestmodule
    mod = import_path(
venv/lib/python3.14/site-packages/_pytest/pathlib.py:587: in import_path
    importlib.import_module(module_name)
/opt/homebrew/Cellar/python@3.14/3.14.2/Frameworks/Python.framework/Versions/3.14/lib/python3.14/importlib/__init__.py:88: in import_module
    return _bootstrap._gcd_import(name[level:], package, level)
           ^^^^^^^^^^^^^^^^^^^^^^^^^^^^^^^^^^^^^^^^^^^^^^^^^^^^
<frozen importlib._bootstrap>:1398: in _gcd_import
    ???
<frozen importlib._bootstrap>:1371: in _find_and_load
    ???
<frozen importlib._bootstrap>:1342: in _find_and_load_unlocked
    ???
<frozen importlib._bootstrap>:938: in _load_unlocked
    ???
venv/lib/python3.14/site-packages/_pytest/assertion/rewrite.py:197: in exec_module
    exec(co, module.__dict__)
tests/test_device_service-4f771d6767.py:11: in <module>
    from app.models.user import User
E   ModuleNotFoundError: No module named 'app'
_________ ERROR collecting test_emergency_center_service-8faa7574b8.py _________
ImportError while importing test module '/Users/michelleye/CodeBuddy/qilema-app/tests/test_emergency_center_service-8faa7574b8.py'.
Hint: make sure your test modules/packages have valid Python names.
Traceback:
venv/lib/python3.14/site-packages/_pytest/python.py:507: in importtestmodule
    mod = import_path(
venv/lib/python3.14/site-packages/_pytest/pathlib.py:587: in import_path
    importlib.import_module(module_name)
/opt/homebrew/Cellar/python@3.14/3.14.2/Frameworks/Python.framework/Versions/3.14/lib/python3.14/importlib/__init__.py:88: in import_module
    return _bootstrap._gcd_import(name[level:], package, level)
           ^^^^^^^^^^^^^^^^^^^^^^^^^^^^^^^^^^^^^^^^^^^^^^^^^^^^
<frozen importlib._bootstrap>:1398: in _gcd_import
    ???
<frozen importlib._bootstrap>:1371: in _find_and_load
    ???
<frozen importlib._bootstrap>:1342: in _find_and_load_unlocked
    ???
<frozen importlib._bootstrap>:938: in _load_unlocked
    ???
venv/lib/python3.14/site-packages/_pytest/assertion/rewrite.py:197: in exec_module
    exec(co, module.__dict__)
tests/test_emergency_center_service-8faa7574b8.py:13: in <module>
    from app.core.database import Base
E   ModuleNotFoundError: No module named 'app'
________________ ERROR collecting test_full_suite-dc148a5c8c.py ________________
ImportError while importing test module '/Users/michelleye/CodeBuddy/qilema-app/tests/test_full_suite-dc148a5c8c.py'.
Hint: make sure your test modules/packages have valid Python names.
Traceback:
venv/lib/python3.14/site-packages/_pytest/python.py:507: in importtestmodule
    mod = import_path(
venv/lib/python3.14/site-packages/_pytest/pathlib.py:587: in import_path
    importlib.import_module(module_name)
/opt/homebrew/Cellar/python@3.14/3.14.2/Frameworks/Python.framework/Versions/3.14/lib/python3.14/importlib/__init__.py:88: in import_module
    return _bootstrap._gcd_import(name[level:], package, level)
           ^^^^^^^^^^^^^^^^^^^^^^^^^^^^^^^^^^^^^^^^^^^^^^^^^^^^
<frozen importlib._bootstrap>:1398: in _gcd_import
    ???
<frozen importlib._bootstrap>:1371: in _find_and_load
    ???
<frozen importlib._bootstrap>:1342: in _find_and_load_unlocked
    ???
<frozen importlib._bootstrap>:938: in _load_unlocked
    ???
venv/lib/python3.14/site-packages/_pytest/assertion/rewrite.py:197: in exec_module
    exec(co, module.__dict__)
tests/test_full_suite-dc148a5c8c.py:15: in <module>
    from app.models.user import User
E   ModuleNotFoundError: No module named 'app'
__________ ERROR collecting test_health_record_service-a954066560.py ___________
ImportError while importing test module '/Users/michelleye/CodeBuddy/qilema-app/tests/test_health_record_service-a954066560.py'.
Hint: make sure your test modules/packages have valid Python names.
Traceback:
venv/lib/python3.14/site-packages/_pytest/python.py:507: in importtestmodule
    mod = import_path(
venv/lib/python3.14/site-packages/_pytest/pathlib.py:587: in import_path
    importlib.import_module(module_name)
/opt/homebrew/Cellar/python@3.14/3.14.2/Frameworks/Python.framework/Versions/3.14/lib/python3.14/importlib/__init__.py:88: in import_module
    return _bootstrap._gcd_import(name[level:], package, level)
           ^^^^^^^^^^^^^^^^^^^^^^^^^^^^^^^^^^^^^^^^^^^^^^^^^^^^
<frozen importlib._bootstrap>:1398: in _gcd_import
    ???
<frozen importlib._bootstrap>:1371: in _find_and_load
    ???
<frozen importlib._bootstrap>:1342: in _find_and_load_unlocked
    ???
<frozen importlib._bootstrap>:938: in _load_unlocked
    ???
venv/lib/python3.14/site-packages/_pytest/assertion/rewrite.py:197: in exec_module
    exec(co, module.__dict__)
tests/test_health_record_service-a954066560.py:8: in <module>
    from app.core.database import Base
E   ModuleNotFoundError: No module named 'app'
_____________ ERROR collecting test_regression_suite-6c9a8f2535.py _____________
ImportError while importing test module '/Users/michelleye/CodeBuddy/qilema-app/tests/test_regression_suite-6c9a8f2535.py'.
Hint: make sure your test modules/packages have valid Python names.
Traceback:
venv/lib/python3.14/site-packages/_pytest/python.py:507: in importtestmodule
    mod = import_path(
venv/lib/python3.14/site-packages/_pytest/pathlib.py:587: in import_path
    importlib.import_module(module_name)
/opt/homebrew/Cellar/python@3.14/3.14.2/Frameworks/Python.framework/Versions/3.14/lib/python3.14/importlib/__init__.py:88: in import_module
    return _bootstrap._gcd_import(name[level:], package, level)
           ^^^^^^^^^^^^^^^^^^^^^^^^^^^^^^^^^^^^^^^^^^^^^^^^^^^^
<frozen importlib._bootstrap>:1398: in _gcd_import
    ???
<frozen importlib._bootstrap>:1371: in _find_and_load
    ???
<frozen importlib._bootstrap>:1342: in _find_and_load_unlocked
    ???
<frozen importlib._bootstrap>:938: in _load_unlocked
    ???
venv/lib/python3.14/site-packages/_pytest/assertion/rewrite.py:197: in exec_module
    exec(co, module.__dict__)
tests/test_regression_suite-6c9a8f2535.py:15: in <module>
    from app.models.user import User
E   ModuleNotFoundError: No module named 'app'
_______________ ERROR collecting test_sos_service-b9244af0b2.py ________________
ImportError while importing test module '/Users/michelleye/CodeBuddy/qilema-app/tests/test_sos_service-b9244af0b2.py'.
Hint: make sure your test modules/packages have valid Python names.
Traceback:
venv/lib/python3.14/site-packages/_pytest/python.py:507: in importtestmodule
    mod = import_path(
venv/lib/python3.14/site-packages/_pytest/pathlib.py:587: in import_path
    importlib.import_module(module_name)
/opt/homebrew/Cellar/python@3.14/3.14.2/Frameworks/Python.framework/Versions/3.14/lib/python3.14/importlib/__init__.py:88: in import_module
    return _bootstrap._gcd_import(name[level:], package, level)
           ^^^^^^^^^^^^^^^^^^^^^^^^^^^^^^^^^^^^^^^^^^^^^^^^^^^^
<frozen importlib._bootstrap>:1398: in _gcd_import
    ???
<frozen importlib._bootstrap>:1371: in _find_and_load
    ???
<frozen importlib._bootstrap>:1342: in _find_and_load_unlocked
    ???
<frozen importlib._bootstrap>:938: in _load_unlocked
    ???
venv/lib/python3.14/site-packages/_pytest/assertion/rewrite.py:197: in exec_module
    exec(co, module.__dict__)
tests/test_sos_service-b9244af0b2.py:7: in <module>
    from app.core.database import Base, get_db
E   ModuleNotFoundError: No module named 'app'
_______________ ERROR collecting test_stress_suite-549f79bfb7.py _______________
ImportError while importing test module '/Users/michelleye/CodeBuddy/qilema-app/tests/test_stress_suite-549f79bfb7.py'.
Hint: make sure your test modules/packages have valid Python names.
Traceback:
venv/lib/python3.14/site-packages/_pytest/python.py:507: in importtestmodule
    mod = import_path(
venv/lib/python3.14/site-packages/_pytest/pathlib.py:587: in import_path
    importlib.import_module(module_name)
/opt/homebrew/Cellar/python@3.14/3.14.2/Frameworks/Python.framework/Versions/3.14/lib/python3.14/importlib/__init__.py:88: in import_module
    return _bootstrap._gcd_import(name[level:], package, level)
           ^^^^^^^^^^^^^^^^^^^^^^^^^^^^^^^^^^^^^^^^^^^^^^^^^^^^
<frozen importlib._bootstrap>:1398: in _gcd_import
    ???
<frozen importlib._bootstrap>:1371: in _find_and_load
    ???
<frozen importlib._bootstrap>:1342: in _find_and_load_unlocked
    ???
<frozen importlib._bootstrap>:938: in _load_unlocked
    ???
venv/lib/python3.14/site-packages/_pytest/assertion/rewrite.py:197: in exec_module
    exec(co, module.__dict__)
tests/test_stress_suite-549f79bfb7.py:19: in <module>
    from app.models.user import User
E   ModuleNotFoundError: No module named 'app'
_______________ ERROR collecting test_user_service-4d794b424b.py _______________
ImportError while importing test module '/Users/michelleye/CodeBuddy/qilema-app/tests/test_user_service-4d794b424b.py'.
Hint: make sure your test modules/packages have valid Python names.
Traceback:
venv/lib/python3.14/site-packages/_pytest/python.py:507: in importtestmodule
    mod = import_path(
venv/lib/python3.14/site-packages/_pytest/pathlib.py:587: in import_path
    importlib.import_module(module_name)
/opt/homebrew/Cellar/python@3.14/3.14.2/Frameworks/Python.framework/Versions/3.14/lib/python3.14/importlib/__init__.py:88: in import_module
    return _bootstrap._gcd_import(name[level:], package, level)
           ^^^^^^^^^^^^^^^^^^^^^^^^^^^^^^^^^^^^^^^^^^^^^^^^^^^^
<frozen importlib._bootstrap>:1398: in _gcd_import
    ???
<frozen importlib._bootstrap>:1371: in _find_and_load
    ???
<frozen importlib._bootstrap>:1342: in _find_and_load_unlocked
    ???
<frozen importlib._bootstrap>:938: in _load_unlocked
    ???
venv/lib/python3.14/site-packages/_pytest/assertion/rewrite.py:197: in exec_module
    exec(co, module.__dict__)
tests/test_user_service-4d794b424b.py:4: in <module>
    from app.core.database import Base, get_db
E   ModuleNotFoundError: No module named 'app'
- generated xml file: /Users/michelleye/CodeBuddy/qilema-app/test_reports/junit.xml -
=========================== short test summary info ============================
ERROR tests/test_alert_service-68e9298df1.py
ERROR tests/test_checkin_service-b776429bd3.py
ERROR tests/test_device_service-4f771d6767.py
ERROR tests/test_emergency_center_service-8faa7574b8.py
ERROR tests/test_full_suite-dc148a5c8c.py
ERROR tests/test_health_record_service-a954066560.py
ERROR tests/test_regression_suite-6c9a8f2535.py
ERROR tests/test_sos_service-b9244af0b2.py
ERROR tests/test_stress_suite-549f79bfb7.py
ERROR tests/test_user_service-4d794b424b.py
!!!!!!!!!!!!!!!!!!! Interrupted: 10 errors during collection !!!!!!!!!!!!!!!!!!!
============================== 10 errors in 0.34s ==============================
